Flow report for projeto_CPHS
Sat Jan 22 11:10:07 2022
Quartus Prime Version 18.1.0 Build 625 09/12/2018 SJ Standard Edition


---------------------
; Table of Contents ;
---------------------
  1. Legal Notice
  2. Flow Summary
  3. Flow Settings
  4. Flow Non-Default Global Settings
  5. Flow Elapsed Time
  6. Flow OS Summary
  7. Flow Log
  8. Flow Messages
  9. Flow Suppressed Messages



----------------
; Legal Notice ;
----------------
Copyright (C) 2018  Intel Corporation. All rights reserved.
Your use of Intel Corporation's design tools, logic functions 
and other software and tools, and its AMPP partner logic 
functions, and any output files from any of the foregoing 
(including device programming or simulation files), and any 
associated documentation or information are expressly subject 
to the terms and conditions of the Intel Program License 
Subscription Agreement, the Intel Quartus Prime License Agreement,
the Intel FPGA IP License Agreement, or other applicable license
agreement, including, without limitation, that your use is for
the sole purpose of programming logic devices manufactured by
Intel and sold by Intel or its authorized distributors.  Please
refer to the applicable agreement for further details.



+--------------------------------------------------------------------------------------+
; Flow Summary                                                                         ;
+------------------------------------+-------------------------------------------------+
; Flow Status                        ; Successful - Sat Jan 22 11:09:51 2022           ;
; Quartus Prime Version              ; 18.1.0 Build 625 09/12/2018 SJ Standard Edition ;
; Revision Name                      ; projeto_CPHS                                    ;
; Top-level Entity Name              ; new_toplevel                                    ;
; Family                             ; Cyclone IV E                                    ;
; Device                             ; EP4CE115F29C7                                   ;
; Timing Models                      ; Final                                           ;
; Total logic elements               ; 7,573 / 114,480 ( 7 % )                         ;
;     Total combinational functions  ; 6,345 / 114,480 ( 6 % )                         ;
;     Dedicated logic registers      ; 4,861 / 114,480 ( 4 % )                         ;
; Total registers                    ; 4861                                            ;
; Total pins                         ; 121 / 529 ( 23 % )                              ;
; Total virtual pins                 ; 0                                               ;
; Total memory bits                  ; 2,508,941 / 3,981,312 ( 63 % )                  ;
; Embedded Multiplier 9-bit elements ; 13 / 532 ( 2 % )                                ;
; Total PLLs                         ; 2 / 4 ( 50 % )                                  ;
+------------------------------------+-------------------------------------------------+


+-----------------------------------------+
; Flow Settings                           ;
+-------------------+---------------------+
; Option            ; Setting             ;
+-------------------+---------------------+
; Start date & time ; 01/22/2022 11:05:02 ;
; Main task         ; Compilation         ;
; Revision Name     ; projeto_CPHS        ;
+-------------------+---------------------+


+------------------------------------------------------------------------------------------------------------------------------------------------------------------+
; Flow Non-Default Global Settings                                                                                                                                 ;
+-------------------------------------+------------------------------------------------------------------------+---------------+----------------------+------------+
; Assignment Name                     ; Value                                                                  ; Default Value ; Entity Name          ; Section Id ;
+-------------------------------------+------------------------------------------------------------------------+---------------+----------------------+------------+
; COMPILER_SIGNATURE_ID               ; 187999709726302.164284950017488                                        ; --            ; --                   ; --         ;
; MAX_CORE_JUNCTION_TEMP              ; 85                                                                     ; --            ; --                   ; --         ;
; MIN_CORE_JUNCTION_TEMP              ; 0                                                                      ; --            ; --                   ; --         ;
; MISC_FILE                           ; DE2_115_SD_CARD_NIOS/synthesis/../DE2_115_SD_CARD_NIOS.cmp             ; --            ; --                   ; --         ;
; MISC_FILE                           ; DE2_115_SD_CARD_NIOS/synthesis/../../DE2_115_SD_CARD_NIOS.qsys         ; --            ; --                   ; --         ;
; MISC_FILE                           ; weights_rom.bsf                                                        ; --            ; --                   ; --         ;
; MISC_FILE                           ; weights_rom_inst.vhd                                                   ; --            ; --                   ; --         ;
; MISC_FILE                           ; weights_rom.inc                                                        ; --            ; --                   ; --         ;
; MISC_FILE                           ; weights_rom.cmp                                                        ; --            ; --                   ; --         ;
; PARTITION_COLOR                     ; -- (Not supported for targeted family)                                 ; --            ; new_toplevel         ; Top        ;
; PARTITION_FITTER_PRESERVATION_LEVEL ; -- (Not supported for targeted family)                                 ; --            ; new_toplevel         ; Top        ;
; PARTITION_NETLIST_TYPE              ; -- (Not supported for targeted family)                                 ; --            ; new_toplevel         ; Top        ;
; POWER_BOARD_THERMAL_MODEL           ; None (CONSERVATIVE)                                                    ; --            ; --                   ; --         ;
; POWER_PRESET_COOLING_SOLUTION       ; 23 MM HEAT SINK WITH 200 LFPM AIRFLOW                                  ; --            ; --                   ; --         ;
; SLD_FILE                            ; DE2_115_SD_CARD_NIOS/synthesis/DE2_115_SD_CARD_NIOS.regmap             ; --            ; --                   ; --         ;
; SLD_FILE                            ; DE2_115_SD_CARD_NIOS/synthesis/DE2_115_SD_CARD_NIOS.debuginfo          ; --            ; --                   ; --         ;
; SLD_INFO                            ; QSYS_NAME DE2_115_SD_CARD_NIOS HAS_SOPCINFO 1 GENERATION_ID 1642535334 ; --            ; DE2_115_SD_CARD_NIOS ; --         ;
; SOPCINFO_FILE                       ; DE2_115_SD_CARD_NIOS/synthesis/../../DE2_115_SD_CARD_NIOS.sopcinfo     ; --            ; --                   ; --         ;
; SYNTHESIS_ONLY_QIP                  ; On                                                                     ; --            ; --                   ; --         ;
; TOP_LEVEL_ENTITY                    ; new_toplevel                                                           ; projeto_CPHS  ; --                   ; --         ;
+-------------------------------------+------------------------------------------------------------------------+---------------+----------------------+------------+


+--------------------------------------------------------------------------------------------------------------------------+
; Flow Elapsed Time                                                                                                        ;
+----------------------+--------------+-------------------------+---------------------+------------------------------------+
; Module Name          ; Elapsed Time ; Average Processors Used ; Peak Virtual Memory ; Total CPU Time (on all processors) ;
+----------------------+--------------+-------------------------+---------------------+------------------------------------+
; Analysis & Synthesis ; 00:02:16     ; 1.0                     ; 5175 MB             ; 00:02:41                           ;
; Fitter               ; 00:02:07     ; 1.0                     ; 5631 MB             ; 00:02:46                           ;
; Assembler            ; 00:00:08     ; 1.0                     ; 4750 MB             ; 00:00:07                           ;
; Timing Analyzer      ; 00:00:15     ; 1.3                     ; 4947 MB             ; 00:00:15                           ;
; Total                ; 00:04:46     ; --                      ; --                  ; 00:05:49                           ;
+----------------------+--------------+-------------------------+---------------------+------------------------------------+


+------------------------------------------------------------------------------------+
; Flow OS Summary                                                                    ;
+----------------------+------------------+------------+------------+----------------+
; Module Name          ; Machine Hostname ; OS Name    ; OS Version ; Processor type ;
+----------------------+------------------+------------+------------+----------------+
; Analysis & Synthesis ; DESKTOP-J762OTA  ; Windows 10 ; 10.0       ; x86_64         ;
; Fitter               ; DESKTOP-J762OTA  ; Windows 10 ; 10.0       ; x86_64         ;
; Assembler            ; DESKTOP-J762OTA  ; Windows 10 ; 10.0       ; x86_64         ;
; Timing Analyzer      ; DESKTOP-J762OTA  ; Windows 10 ; 10.0       ; x86_64         ;
+----------------------+------------------+------------+------------+----------------+


------------
; Flow Log ;
------------
quartus_map --read_settings_files=on --write_settings_files=off projeto_CPHS -c projeto_CPHS
quartus_fit --read_settings_files=off --write_settings_files=off projeto_CPHS -c projeto_CPHS
quartus_asm --read_settings_files=off --write_settings_files=off projeto_CPHS -c projeto_CPHS
quartus_sta projeto_CPHS -c projeto_CPHS



